<?xml version="1.0" encoding="UTF-8"?>
<!-- Generated by org.testng.reporters.JUnitReportReporter -->
<testsuite hostname="DESKTOP-TQNVJ5Q" name="tests.loginTest" tests="1" failures="0" timestamp="12 Oct 2018 11:17:30 GMT" time="131.735" errors="0">
  <testcase name="EventTest" time="131.735" classname="tests.loginTest"/>
</testsuite> <!-- tests.loginTest -->
